execve("/usr/local/google/home/oka/src/github.com/ogiekako/pwnable/asg/my_asg_no_check", ["/usr/local/google/home/oka/src/g"...], [/* 86 vars */]) = 0
brk(NULL)                               = 0x55bd4a48d000
access("/etc/ld.so.nohwcap", F_OK)      = -1 ENOENT (No such file or directory)
mmap(NULL, 12288, PROT_READ|PROT_WRITE, MAP_PRIVATE|MAP_ANONYMOUS, -1, 0) = 0x7fd9f387f000
access("/etc/ld.so.preload", R_OK)      = -1 ENOENT (No such file or directory)
open("/etc/ld.so.cache", O_RDONLY|O_CLOEXEC) = 5
fstat(5, {st_mode=S_IFREG|0644, st_size=163793, ...}) = 0
mmap(NULL, 163793, PROT_READ, MAP_PRIVATE, 5, 0) = 0x7fd9f3857000
close(5)                                = 0
access("/etc/ld.so.nohwcap", F_OK)      = -1 ENOENT (No such file or directory)
open("/lib/x86_64-linux-gnu/libseccomp.so.2", O_RDONLY|O_CLOEXEC) = 5
read(5, "\177ELF\2\1\1\0\0\0\0\0\0\0\0\0\3\0>\0\1\0\0\0\340\30\2\0\0\0\0\0"..., 832) = 832
fstat(5, {st_mode=S_IFREG|0644, st_size=280872, ...}) = 0
mmap(NULL, 2375936, PROT_READ|PROT_EXEC, MAP_PRIVATE|MAP_DENYWRITE, 5, 0) = 0x7fd9f341a000
mprotect(0x7fd9f3449000, 2093056, PROT_NONE) = 0
mmap(0x7fd9f3648000, 94208, PROT_READ|PROT_WRITE, MAP_PRIVATE|MAP_FIXED|MAP_DENYWRITE, 5, 0x2e000) = 0x7fd9f3648000
close(5)                                = 0
access("/etc/ld.so.nohwcap", F_OK)      = -1 ENOENT (No such file or directory)
open("/lib/x86_64-linux-gnu/libc.so.6", O_RDONLY|O_CLOEXEC) = 5
read(5, "\177ELF\2\1\1\3\0\0\0\0\0\0\0\0\3\0>\0\1\0\0\0\320\3\2\0\0\0\0\0"..., 832) = 832
fstat(5, {st_mode=S_IFREG|0755, st_size=1689360, ...}) = 0
mmap(NULL, 3795360, PROT_READ|PROT_EXEC, MAP_PRIVATE|MAP_DENYWRITE, 5, 0) = 0x7fd9f307b000
mprotect(0x7fd9f3210000, 2097152, PROT_NONE) = 0
mmap(0x7fd9f3410000, 24576, PROT_READ|PROT_WRITE, MAP_PRIVATE|MAP_FIXED|MAP_DENYWRITE, 5, 0x195000) = 0x7fd9f3410000
mmap(0x7fd9f3416000, 14752, PROT_READ|PROT_WRITE, MAP_PRIVATE|MAP_FIXED|MAP_ANONYMOUS, -1, 0) = 0x7fd9f3416000
close(5)                                = 0
mmap(NULL, 8192, PROT_READ|PROT_WRITE, MAP_PRIVATE|MAP_ANONYMOUS, -1, 0) = 0x7fd9f3855000
arch_prctl(ARCH_SET_FS, 0x7fd9f3855700) = 0
mprotect(0x7fd9f3410000, 16384, PROT_READ) = 0
mprotect(0x7fd9f3648000, 90112, PROT_READ) = 0
mprotect(0x55bd495c9000, 4096, PROT_READ) = 0
mprotect(0x7fd9f3882000, 4096, PROT_READ) = 0
munmap(0x7fd9f3857000, 163793)          = 0
write(1, "Welcome to Automatic Shellcode G"..., 57) = 57
write(1, "\n", 1)                       = 1
write(1, "your mission is making an arbitr"..., 58) = 58
write(1, "\n", 1)                       = 1
write(1, "but, can you make this with rand"..., 56) = 56
write(1, "\n", 1)                       = 1
fstat(0, {st_mode=S_IFSOCK|0777, st_size=0, ...}) = 0
brk(NULL)                               = 0x55bd4a48d000
brk(0x55bd4a4af000)                     = 0x55bd4a4af000
read(0, "\n", 4096)                     = 1
open("/dev/urandom", O_RDONLY)          = 5
read(5, "W\36\251\214", 4)              = 4
write(1, "these are filtered set of bytes:", 32) = 32
write(1, "\n", 1)                       = 1
write(1, "N$\t\37\203(MQ\342l!\254\r5\241C%\6\250\17/\345~.3\214F\245\35\30<;"..., 128) = 128
pipe2([6, 7], O_CLOEXEC)                = 0
clone(child_stack=NULL, flags=CLONE_CHILD_CLEARTID|CLONE_CHILD_SETTID|SIGCHLD, child_tidptr=0x7fd9f38559d0) = 50240
close(7)                                = 0
fcntl(6, F_SETFD, 0)                    = 0
fstat(6, {st_mode=S_IFIFO|0600, st_size=0, ...}) = 0
read(6, "flags/c0bH9Lg7lG\n", 4096)     = 17
write(1, "flag is inside this file: [flags"..., 45) = 45
mmap(NULL, 4096, PROT_READ|PROT_WRITE|PROT_EXEC, MAP_PRIVATE|MAP_ANONYMOUS, 0, 0) = 0x7fd9f387e000
write(1, "give me your shellcode: ", 24) = 24
read(0, 0x7fd9f387e082, 1000)           = ? ERESTARTSYS (To be restarted if SA_RESTART is set)
--- SIGCHLD {si_signo=SIGCHLD, si_code=CLD_EXITED, si_pid=50240, si_uid=244555, si_status=0, si_utime=0, si_stime=0} ---
read(0, "H\2155H\0\0\0\201\302HH\0\0\17\5", 1000) = 15
nanosleep({tv_sec=1, tv_nsec=0}, 0x7ffcfdef5af0) = 0
alarm(1)                                = 0
shutdown(0, SHUT_RD)                    = 0
write(1, "buena suerte!", 13)           = 13
write(1, "\n", 1)                       = 1
prctl(PR_SET_NO_NEW_PRIVS, 1, 0, 0, 0)  = 0
seccomp(SECCOMP_SET_MODE_STRICT, 1, NULL) = -1 EINVAL (Invalid argument)
seccomp(SECCOMP_SET_MODE_FILTER, 0, {len=11, filter=0x55bd4a490560}) = 0
read(0, "", 18504)                      = 0
--- SIGSEGV {si_signo=SIGSEGV, si_code=SEGV_ACCERR, si_addr=0x7fd9f387f000} ---
+++ killed by SIGSEGV +++
